# JRE version: OpenJDK Runtime Environment Corretto-17.0.7.7.1 (17.0.7+7) (build 17.0.7+7-LTS)
# Java VM: OpenJDK 64-Bit Server VM Corretto-17.0.7.7.1 (17.0.7+7-LTS, mixed mode, sharing, tiered, compressed oops, compressed class ptrs, g1 gc, windows-amd64)
GC Precious Log:
 CPUs: 4 total, 4 available
 Memory: 14274M
 Large Page Support: Disabled
 NUMA Support: Disabled
 Compressed Oops: Enabled (32-bit)
 Heap Region Size: 1M
 Heap Min Capacity: 8M
 Heap Initial Capacity: 224M
 Heap Max Capacity: 2G
 Pre-touch: Disabled
 Parallel Workers: 4
 Concurrent Workers: 1
 Concurrent Refinement Workers: 4
 Periodic GC: Disabled
Heap:
 garbage-first heap   total 206848K, used 121231K [0x0000000080000000, 0x0000000100000000)
  region size 1024K, 13 young (13312K), 4 survivors (4096K)
 Metaspace       used 96512K, committed 97344K, reserved 1179648K
  class space    used 12717K, committed 13120K, reserved 1048576K
GC Heap History (20 events):
Event: 36.253 GC heap before
{Heap before GC invocations=33 (full 0):
 garbage-first heap   total 174080K, used 139264K [0x0000000080000000, 0x0000000100000000)
  region size 1024K, 55 young (56320K), 8 survivors (8192K)
 Metaspace       used 81864K, committed 82624K, reserved 1179648K
  class space    used 11151K, committed 11520K, reserved 1048576K
}
Event: 36.271 GC heap after
{Heap after GC invocations=34 (full 0):
 garbage-first heap   total 174080K, used 95384K [0x0000000080000000, 0x0000000100000000)
  region size 1024K, 4 young (4096K), 4 survivors (4096K)
 Metaspace       used 81864K, committed 82624K, reserved 1179648K
  class space    used 11151K, committed 11520K, reserved 1048576K
}
Event: 38.738 GC heap before
{Heap before GC invocations=34 (full 0):
 garbage-first heap   total 174080K, used 140440K [0x0000000080000000, 0x0000000100000000)
  region size 1024K, 49 young (50176K), 4 survivors (4096K)
 Metaspace       used 85015K, committed 85760K, reserved 1179648K
  class space    used 11487K, committed 11840K, reserved 1048576K
}
Event: 38.751 GC heap after
{Heap after GC invocations=35 (full 0):
 garbage-first heap   total 174080K, used 100352K [0x0000000080000000, 0x0000000100000000)
  region size 1024K, 7 young (7168K), 7 survivors (7168K)
 Metaspace       used 85015K, committed 85760K, reserved 1179648K
  class space    used 11487K, committed 11840K, reserved 1048576K
}
Event: 46.457 GC heap before
{Heap before GC invocations=35 (full 0):
 garbage-first heap   total 174080K, used 144384K [0x0000000080000000, 0x0000000100000000)
  region size 1024K, 48 young (49152K), 7 survivors (7168K)
 Metaspace       used 86121K, committed 86912K, reserved 1179648K
  class space    used 11576K, committed 11968K, reserved 1048576K
}
Event: 46.470 GC heap after
{Heap after GC invocations=36 (full 0):
 garbage-first heap   total 174080K, used 105605K [0x0000000080000000, 0x0000000100000000)
  region size 1024K, 5 young (5120K), 5 survivors (5120K)
 Metaspace       used 86121K, committed 86912K, reserved 1179648K
  class space    used 11576K, committed 11968K, reserved 1048576K
}
Event: 49.754 GC heap before
{Heap before GC invocations=36 (full 0):
 garbage-first heap   total 174080K, used 125061K [0x0000000080000000, 0x0000000100000000)
  region size 1024K, 26 young (26624K), 5 survivors (5120K)
 Metaspace       used 88502K, committed 89280K, reserved 1179648K
  class space    used 11786K, committed 12224K, reserved 1048576K
}
Event: 49.765 GC heap after
{Heap after GC invocations=37 (full 0):
 garbage-first heap   total 174080K, used 109412K [0x0000000080000000, 0x0000000100000000)
  region size 1024K, 4 young (4096K), 4 survivors (4096K)
 Metaspace       used 88502K, committed 89280K, reserved 1179648K
  class space    used 11786K, committed 12224K, reserved 1048576K
}
Event: 56.244 GC heap before
{Heap before GC invocations=38 (full 0):
 garbage-first heap   total 186368K, used 141156K [0x0000000080000000, 0x0000000100000000)
  region size 1024K, 36 young (36864K), 4 survivors (4096K)
 Metaspace       used 90212K, committed 91072K, reserved 1179648K
  class space    used 11934K, committed 12352K, reserved 1048576K
}
Event: 56.251 GC heap after
{Heap after GC invocations=39 (full 0):
 garbage-first heap   total 186368K, used 111093K [0x0000000080000000, 0x0000000100000000)
  region size 1024K, 3 young (3072K), 3 survivors (3072K)
 Metaspace       used 90212K, committed 91072K, reserved 1179648K
  class space    used 11934K, committed 12352K, reserved 1048576K
}
Event: 56.700 GC heap before
{Heap before GC invocations=39 (full 0):
 garbage-first heap   total 186368K, used 116213K [0x0000000080000000, 0x0000000100000000)
  region size 1024K, 9 young (9216K), 3 survivors (3072K)
 Metaspace       used 90560K, committed 91392K, reserved 1179648K
  class space    used 11973K, committed 12352K, reserved 1048576K
}
Event: 56.704 GC heap after
{Heap after GC invocations=40 (full 0):
 garbage-first heap   total 186368K, used 110726K [0x0000000080000000, 0x0000000100000000)
  region size 1024K, 1 young (1024K), 1 survivors (1024K)
 Metaspace       used 90560K, committed 91392K, reserved 1179648K
  class space    used 11973K, committed 12352K, reserved 1048576K
}
Event: 58.461 GC heap before
{Heap before GC invocations=40 (full 0):
 garbage-first heap   total 186368K, used 152710K [0x0000000080000000, 0x0000000100000000)
  region size 1024K, 41 young (41984K), 1 survivors (1024K)
 Metaspace       used 92153K, committed 92992K, reserved 1179648K
  class space    used 12159K, committed 12544K, reserved 1048576K
}
Event: 58.465 GC heap after
{Heap after GC invocations=41 (full 0):
 garbage-first heap   total 186368K, used 111529K [0x0000000080000000, 0x0000000100000000)
  region size 1024K, 2 young (2048K), 2 survivors (2048K)
 Metaspace       used 92153K, committed 92992K, reserved 1179648K
  class space    used 12159K, committed 12544K, reserved 1048576K
}
Event: 59.613 GC heap before
{Heap before GC invocations=42 (full 0):
 garbage-first heap   total 206848K, used 149417K [0x0000000080000000, 0x0000000100000000)
  region size 1024K, 41 young (41984K), 2 survivors (2048K)
 Metaspace       used 96010K, committed 96768K, reserved 1179648K
  class space    used 12664K, committed 13056K, reserved 1048576K
}
Event: 59.621 GC heap after
{Heap after GC invocations=43 (full 0):
 garbage-first heap   total 206848K, used 113902K [0x0000000080000000, 0x0000000100000000)
  region size 1024K, 5 young (5120K), 5 survivors (5120K)
 Metaspace       used 96010K, committed 96768K, reserved 1179648K
  class space    used 12664K, committed 13056K, reserved 1048576K
}
Event: 60.326 GC heap before
{Heap before GC invocations=43 (full 0):
 garbage-first heap   total 206848K, used 117998K [0x0000000080000000, 0x0000000100000000)
  region size 1024K, 10 young (10240K), 5 survivors (5120K)
 Metaspace       used 96107K, committed 96896K, reserved 1179648K
  class space    used 12669K, committed 13056K, reserved 1048576K
}
Event: 60.333 GC heap after
{Heap after GC invocations=44 (full 0):
 garbage-first heap   total 206848K, used 111545K [0x0000000080000000, 0x0000000100000000)
  region size 1024K, 1 young (1024K), 1 survivors (1024K)
 Metaspace       used 96107K, committed 96896K, reserved 1179648K
  class space    used 12669K, committed 13056K, reserved 1048576K
}
Event: 66.064 GC heap before
{Heap before GC invocations=44 (full 0):
 garbage-first heap   total 206848K, used 166841K [0x0000000080000000, 0x0000000100000000)
  region size 1024K, 56 young (57344K), 1 survivors (1024K)
 Metaspace       used 96512K, committed 97344K, reserved 1179648K
  class space    used 12717K, committed 13120K, reserved 1048576K
}
Event: 66.072 GC heap after
{Heap after GC invocations=45 (full 0):
 garbage-first heap   total 206848K, used 114063K [0x0000000080000000, 0x0000000100000000)
  region size 1024K, 4 young (4096K), 4 survivors (4096K)
 Metaspace       used 96512K, committed 97344K, reserved 1179648K
  class space    used 12717K, committed 13120K, reserved 1048576K
}

