# JRE version: OpenJDK Runtime Environment Corretto-17.0.7.7.1 (17.0.7+7) (build 17.0.7+7-LTS)
# Java VM: OpenJDK 64-Bit Server VM Corretto-17.0.7.7.1 (17.0.7+7-LTS, mixed mode, sharing, tiered, compressed oops, compressed class ptrs, g1 gc, windows-amd64)
GC Precious Log:
 CPUs: 4 total, 4 available
 Memory: 14274M
 Large Page Support: Disabled
 NUMA Support: Disabled
 Compressed Oops: Enabled (32-bit)
 Heap Region Size: 1M
 Heap Min Capacity: 8M
 Heap Initial Capacity: 224M
 Heap Max Capacity: 2G
 Pre-touch: Disabled
 Parallel Workers: 4
 Concurrent Workers: 1
 Concurrent Refinement Workers: 4
 Periodic GC: Disabled
Heap:
 garbage-first heap   total 487424K, used 268502K [0x0000000080000000, 0x0000000100000000)
  region size 1024K, 72 young (73728K), 2 survivors (2048K)
 Metaspace       used 95938K, committed 96832K, reserved 1179648K
  class space    used 12809K, committed 13248K, reserved 1048576K
GC Heap History (20 events):
Event: 31.761 GC heap before
{Heap before GC invocations=20 (full 0):
 garbage-first heap   total 242688K, used 133570K [0x0000000080000000, 0x0000000100000000)
  region size 1024K, 11 young (11264K), 6 survivors (6144K)
 Metaspace       used 60537K, committed 61312K, reserved 1114112K
  class space    used 8095K, committed 8448K, reserved 1048576K
}
Event: 31.768 GC heap after
{Heap after GC invocations=21 (full 0):
 garbage-first heap   total 242688K, used 129515K [0x0000000080000000, 0x0000000100000000)
  region size 1024K, 2 young (2048K), 2 survivors (2048K)
 Metaspace       used 60537K, committed 61312K, reserved 1114112K
  class space    used 8095K, committed 8448K, reserved 1048576K
}
Event: 32.562 GC heap before
{Heap before GC invocations=21 (full 0):
 garbage-first heap   total 242688K, used 190955K [0x0000000080000000, 0x0000000100000000)
  region size 1024K, 62 young (63488K), 2 survivors (2048K)
 Metaspace       used 63933K, committed 64640K, reserved 1114112K
  class space    used 8555K, committed 8896K, reserved 1048576K
}
Event: 32.570 GC heap after
{Heap after GC invocations=22 (full 0):
 garbage-first heap   total 242688K, used 132842K [0x0000000080000000, 0x0000000100000000)
  region size 1024K, 5 young (5120K), 5 survivors (5120K)
 Metaspace       used 63933K, committed 64640K, reserved 1114112K
  class space    used 8555K, committed 8896K, reserved 1048576K
}
Event: 33.750 GC heap before
{Heap before GC invocations=23 (full 0):
 garbage-first heap   total 242688K, used 194282K [0x0000000080000000, 0x0000000100000000)
  region size 1024K, 65 young (66560K), 5 survivors (5120K)
 Metaspace       used 69873K, committed 70720K, reserved 1114112K
  class space    used 9539K, committed 9920K, reserved 1048576K
}
Event: 33.769 GC heap after
{Heap after GC invocations=24 (full 0):
 garbage-first heap   total 242688K, used 136989K [0x0000000080000000, 0x0000000100000000)
  region size 1024K, 9 young (9216K), 9 survivors (9216K)
 Metaspace       used 69873K, committed 70720K, reserved 1114112K
  class space    used 9539K, committed 9920K, reserved 1048576K
}
Event: 33.850 GC heap before
{Heap before GC invocations=24 (full 0):
 garbage-first heap   total 242688K, used 138013K [0x0000000080000000, 0x0000000100000000)
  region size 1024K, 11 young (11264K), 9 survivors (9216K)
 Metaspace       used 70058K, committed 70848K, reserved 1114112K
  class space    used 9565K, committed 9920K, reserved 1048576K
}
Event: 33.870 GC heap after
{Heap after GC invocations=25 (full 0):
 garbage-first heap   total 242688K, used 137346K [0x0000000080000000, 0x0000000100000000)
  region size 1024K, 1 young (1024K), 1 survivors (1024K)
 Metaspace       used 70058K, committed 70848K, reserved 1114112K
  class space    used 9565K, committed 9920K, reserved 1048576K
}
Event: 34.983 GC heap before
{Heap before GC invocations=25 (full 0):
 garbage-first heap   total 242688K, used 187522K [0x0000000080000000, 0x0000000100000000)
  region size 1024K, 52 young (53248K), 1 survivors (1024K)
 Metaspace       used 75362K, committed 76224K, reserved 1179648K
  class space    used 10191K, committed 10624K, reserved 1048576K
}
Event: 34.993 GC heap after
{Heap after GC invocations=26 (full 0):
 garbage-first heap   total 242688K, used 143680K [0x0000000080000000, 0x0000000100000000)
  region size 1024K, 8 young (8192K), 8 survivors (8192K)
 Metaspace       used 75362K, committed 76224K, reserved 1179648K
  class space    used 10191K, committed 10624K, reserved 1048576K
}
Event: 36.544 GC heap before
{Heap before GC invocations=27 (full 0):
 garbage-first heap   total 252928K, used 227648K [0x0000000080000000, 0x0000000100000000)
  region size 1024K, 61 young (62464K), 8 survivors (8192K)
 Metaspace       used 79501K, committed 80320K, reserved 1179648K
  class space    used 10696K, committed 11072K, reserved 1048576K
}
Event: 36.556 GC heap after
{Heap after GC invocations=28 (full 0):
 garbage-first heap   total 252928K, used 182655K [0x0000000080000000, 0x0000000100000000)
  region size 1024K, 8 young (8192K), 8 survivors (8192K)
 Metaspace       used 79501K, committed 80320K, reserved 1179648K
  class space    used 10696K, committed 11072K, reserved 1048576K
}
Event: 36.647 GC heap before
{Heap before GC invocations=28 (full 0):
 garbage-first heap   total 252928K, used 186751K [0x0000000080000000, 0x0000000100000000)
  region size 1024K, 12 young (12288K), 8 survivors (8192K)
 Metaspace       used 80024K, committed 80832K, reserved 1179648K
  class space    used 10753K, committed 11136K, reserved 1048576K
}
Event: 36.652 GC heap after
{Heap after GC invocations=29 (full 0):
 garbage-first heap   total 252928K, used 181630K [0x0000000080000000, 0x0000000100000000)
  region size 1024K, 1 young (1024K), 1 survivors (1024K)
 Metaspace       used 80024K, committed 80832K, reserved 1179648K
  class space    used 10753K, committed 11136K, reserved 1048576K
}
Event: 37.839 GC heap before
{Heap before GC invocations=29 (full 0):
 garbage-first heap   total 252928K, used 216446K [0x0000000080000000, 0x0000000100000000)
  region size 1024K, 35 young (35840K), 1 survivors (1024K)
 Metaspace       used 85366K, committed 86208K, reserved 1179648K
  class space    used 11502K, committed 11904K, reserved 1048576K
}
Event: 37.849 GC heap after
{Heap after GC invocations=30 (full 0):
 garbage-first heap   total 487424K, used 182919K [0x0000000080000000, 0x0000000100000000)
  region size 1024K, 2 young (2048K), 2 survivors (2048K)
 Metaspace       used 85366K, committed 86208K, reserved 1179648K
  class space    used 11502K, committed 11904K, reserved 1048576K
}
Event: 41.815 GC heap before
{Heap before GC invocations=31 (full 0):
 garbage-first heap   total 487424K, used 329351K [0x0000000080000000, 0x0000000100000000)
  region size 1024K, 146 young (149504K), 2 survivors (2048K)
 Metaspace       used 91453K, committed 92288K, reserved 1179648K
  class space    used 12213K, committed 12608K, reserved 1048576K
}
Event: 41.844 GC heap after
{Heap after GC invocations=32 (full 0):
 garbage-first heap   total 487424K, used 197160K [0x0000000080000000, 0x0000000100000000)
  region size 1024K, 16 young (16384K), 16 survivors (16384K)
 Metaspace       used 91453K, committed 92288K, reserved 1179648K
  class space    used 12213K, committed 12608K, reserved 1048576K
}
Event: 41.935 GC heap before
{Heap before GC invocations=32 (full 0):
 garbage-first heap   total 487424K, used 204328K [0x0000000080000000, 0x0000000100000000)
  region size 1024K, 23 young (23552K), 16 survivors (16384K)
 Metaspace       used 91592K, committed 92480K, reserved 1179648K
  class space    used 12236K, committed 12672K, reserved 1048576K
}
Event: 41.952 GC heap after
{Heap after GC invocations=33 (full 0):
 garbage-first heap   total 487424K, used 197846K [0x0000000080000000, 0x0000000100000000)
  region size 1024K, 2 young (2048K), 2 survivors (2048K)
 Metaspace       used 91592K, committed 92480K, reserved 1179648K
  class space    used 12236K, committed 12672K, reserved 1048576K
}

