# JRE version: OpenJDK Runtime Environment Corretto-17.0.7.7.1 (17.0.7+7) (build 17.0.7+7-LTS)
# Java VM: OpenJDK 64-Bit Server VM Corretto-17.0.7.7.1 (17.0.7+7-LTS, mixed mode, sharing, tiered, compressed oops, compressed class ptrs, g1 gc, windows-amd64)
GC Precious Log:
 CPUs: 4 total, 4 available
 Memory: 14274M
 Large Page Support: Disabled
 NUMA Support: Disabled
 Compressed Oops: Enabled (32-bit)
 Heap Region Size: 1M
 Heap Min Capacity: 8M
 Heap Initial Capacity: 224M
 Heap Max Capacity: 2G
 Pre-touch: Disabled
 Parallel Workers: 4
 Concurrent Workers: 1
 Concurrent Refinement Workers: 4
 Periodic GC: Disabled
Heap:
 garbage-first heap   total 215040K, used 156611K [0x0000000080000000, 0x0000000100000000)
  region size 1024K, 44 young (45056K), 4 survivors (4096K)
 Metaspace       used 64976K, committed 65728K, reserved 1114112K
  class space    used 8727K, committed 9088K, reserved 1048576K
GC Heap History (20 events):
Event: 7.504 GC heap before
{Heap before GC invocations=9 (full 0):
 garbage-first heap   total 150528K, used 85226K [0x0000000080000000, 0x0000000100000000)
  region size 1024K, 16 young (16384K), 5 survivors (5120K)
 Metaspace       used 36672K, committed 37120K, reserved 1114112K
  class space    used 5093K, committed 5312K, reserved 1048576K
}
Event: 7.509 GC heap after
{Heap after GC invocations=10 (full 0):
 garbage-first heap   total 150528K, used 76249K [0x0000000080000000, 0x0000000100000000)
  region size 1024K, 4 young (4096K), 4 survivors (4096K)
 Metaspace       used 36672K, committed 37120K, reserved 1114112K
  class space    used 5093K, committed 5312K, reserved 1048576K
}
Event: 8.191 GC heap before
{Heap before GC invocations=11 (full 0):
 garbage-first heap   total 150528K, used 113113K [0x0000000080000000, 0x0000000100000000)
  region size 1024K, 41 young (41984K), 4 survivors (4096K)
 Metaspace       used 40022K, committed 40640K, reserved 1114112K
  class space    used 5513K, committed 5824K, reserved 1048576K
}
Event: 8.201 GC heap after
{Heap after GC invocations=12 (full 0):
 garbage-first heap   total 150528K, used 79803K [0x0000000080000000, 0x0000000100000000)
  region size 1024K, 6 young (6144K), 6 survivors (6144K)
 Metaspace       used 40022K, committed 40640K, reserved 1114112K
  class space    used 5513K, committed 5824K, reserved 1048576K
}
Event: 8.832 GC heap before
{Heap before GC invocations=13 (full 0):
 garbage-first heap   total 153600K, used 122811K [0x0000000080000000, 0x0000000100000000)
  region size 1024K, 41 young (41984K), 6 survivors (6144K)
 Metaspace       used 43041K, committed 43648K, reserved 1114112K
  class space    used 5995K, committed 6272K, reserved 1048576K
}
Event: 8.842 GC heap after
{Heap after GC invocations=14 (full 0):
 garbage-first heap   total 153600K, used 89179K [0x0000000080000000, 0x0000000100000000)
  region size 1024K, 3 young (3072K), 3 survivors (3072K)
 Metaspace       used 43041K, committed 43648K, reserved 1114112K
  class space    used 5995K, committed 6272K, reserved 1048576K
}
Event: 9.580 GC heap before
{Heap before GC invocations=14 (full 0):
 garbage-first heap   total 153600K, used 118875K [0x0000000080000000, 0x0000000100000000)
  region size 1024K, 33 young (33792K), 3 survivors (3072K)
 Metaspace       used 44185K, committed 44800K, reserved 1114112K
  class space    used 6097K, committed 6400K, reserved 1048576K
}
Event: 9.587 GC heap after
{Heap after GC invocations=15 (full 0):
 garbage-first heap   total 153600K, used 91279K [0x0000000080000000, 0x0000000100000000)
  region size 1024K, 5 young (5120K), 5 survivors (5120K)
 Metaspace       used 44185K, committed 44800K, reserved 1114112K
  class space    used 6097K, committed 6400K, reserved 1048576K
}
Event: 10.220 GC heap before
{Heap before GC invocations=16 (full 0):
 garbage-first heap   total 178176K, used 129167K [0x0000000080000000, 0x0000000100000000)
  region size 1024K, 35 young (35840K), 5 survivors (5120K)
 Metaspace       used 46694K, committed 47360K, reserved 1114112K
  class space    used 6432K, committed 6720K, reserved 1048576K
}
Event: 10.230 GC heap after
{Heap after GC invocations=17 (full 0):
 garbage-first heap   total 178176K, used 106009K [0x0000000080000000, 0x0000000100000000)
  region size 1024K, 5 young (5120K), 5 survivors (5120K)
 Metaspace       used 46694K, committed 47360K, reserved 1114112K
  class space    used 6432K, committed 6720K, reserved 1048576K
}
Event: 10.877 GC heap before
{Heap before GC invocations=17 (full 0):
 garbage-first heap   total 178176K, used 139801K [0x0000000080000000, 0x0000000100000000)
  region size 1024K, 38 young (38912K), 5 survivors (5120K)
 Metaspace       used 51738K, committed 52416K, reserved 1114112K
  class space    used 7043K, committed 7360K, reserved 1048576K
}
Event: 10.885 GC heap after
{Heap after GC invocations=18 (full 0):
 garbage-first heap   total 214016K, used 107618K [0x0000000080000000, 0x0000000100000000)
  region size 1024K, 2 young (2048K), 2 survivors (2048K)
 Metaspace       used 51738K, committed 52416K, reserved 1114112K
  class space    used 7043K, committed 7360K, reserved 1048576K
}
Event: 11.377 GC heap before
{Heap before GC invocations=19 (full 0):
 garbage-first heap   total 214016K, used 122978K [0x0000000080000000, 0x0000000100000000)
  region size 1024K, 18 young (18432K), 2 survivors (2048K)
 Metaspace       used 55175K, committed 55872K, reserved 1114112K
  class space    used 7477K, committed 7808K, reserved 1048576K
}
Event: 11.384 GC heap after
{Heap after GC invocations=20 (full 0):
 garbage-first heap   total 214016K, used 109430K [0x0000000080000000, 0x0000000100000000)
  region size 1024K, 4 young (4096K), 4 survivors (4096K)
 Metaspace       used 55175K, committed 55872K, reserved 1114112K
  class space    used 7477K, committed 7808K, reserved 1048576K
}
Event: 12.597 GC heap before
{Heap before GC invocations=21 (full 0):
 garbage-first heap   total 215040K, used 167798K [0x0000000080000000, 0x0000000100000000)
  region size 1024K, 55 young (56320K), 4 survivors (4096K)
 Metaspace       used 59023K, committed 59648K, reserved 1114112K
  class space    used 7951K, committed 8256K, reserved 1048576K
}
Event: 12.606 GC heap after
{Heap after GC invocations=22 (full 0):
 garbage-first heap   total 215040K, used 113602K [0x0000000080000000, 0x0000000100000000)
  region size 1024K, 7 young (7168K), 7 survivors (7168K)
 Metaspace       used 59023K, committed 59648K, reserved 1114112K
  class space    used 7951K, committed 8256K, reserved 1048576K
}
Event: 12.831 GC heap before
{Heap before GC invocations=22 (full 0):
 garbage-first heap   total 215040K, used 116674K [0x0000000080000000, 0x0000000100000000)
  region size 1024K, 10 young (10240K), 7 survivors (7168K)
 Metaspace       used 59264K, committed 59968K, reserved 1114112K
  class space    used 7973K, committed 8256K, reserved 1048576K
}
Event: 12.838 GC heap after
{Heap after GC invocations=23 (full 0):
 garbage-first heap   total 215040K, used 114747K [0x0000000080000000, 0x0000000100000000)
  region size 1024K, 2 young (2048K), 2 survivors (2048K)
 Metaspace       used 59264K, committed 59968K, reserved 1114112K
  class space    used 7973K, committed 8256K, reserved 1048576K
}
Event: 14.330 GC heap before
{Heap before GC invocations=23 (full 0):
 garbage-first heap   total 215040K, used 165947K [0x0000000080000000, 0x0000000100000000)
  region size 1024K, 52 young (53248K), 2 survivors (2048K)
 Metaspace       used 62607K, committed 63360K, reserved 1114112K
  class space    used 8426K, committed 8768K, reserved 1048576K
}
Event: 14.336 GC heap after
{Heap after GC invocations=24 (full 0):
 garbage-first heap   total 215040K, used 116675K [0x0000000080000000, 0x0000000100000000)
  region size 1024K, 4 young (4096K), 4 survivors (4096K)
 Metaspace       used 62607K, committed 63360K, reserved 1114112K
  class space    used 8426K, committed 8768K, reserved 1048576K
}

