# JRE version: OpenJDK Runtime Environment Corretto-17.0.7.7.1 (17.0.7+7) (build 17.0.7+7-LTS)
# Java VM: OpenJDK 64-Bit Server VM Corretto-17.0.7.7.1 (17.0.7+7-LTS, mixed mode, sharing, tiered, compressed oops, compressed class ptrs, g1 gc, windows-amd64)
GC Precious Log:
 CPUs: 4 total, 4 available
 Memory: 14274M
 Large Page Support: Disabled
 NUMA Support: Disabled
 Compressed Oops: Enabled (32-bit)
 Heap Region Size: 1M
 Heap Min Capacity: 8M
 Heap Initial Capacity: 224M
 Heap Max Capacity: 2G
 Pre-touch: Disabled
 Parallel Workers: 4
 Concurrent Workers: 1
 Concurrent Refinement Workers: 4
 Periodic GC: Disabled
Heap:
 garbage-first heap   total 258048K, used 174501K [0x0000000080000000, 0x0000000100000000)
  region size 1024K, 17 young (17408K), 11 survivors (11264K)
 Metaspace       used 74227K, committed 74944K, reserved 1114112K
  class space    used 10080K, committed 10432K, reserved 1048576K
GC Heap History (20 events):
Event: 9.926 GC heap before
{Heap before GC invocations=16 (full 0):
 garbage-first heap   total 153600K, used 117311K [0x0000000080000000, 0x0000000100000000)
  region size 1024K, 31 young (31744K), 1 survivors (1024K)
 Metaspace       used 42392K, committed 43008K, reserved 1114112K
  class space    used 5907K, committed 6208K, reserved 1048576K
}
Event: 9.932 GC heap after
{Heap after GC invocations=17 (full 0):
 garbage-first heap   total 153600K, used 88088K [0x0000000080000000, 0x0000000100000000)
  region size 1024K, 3 young (3072K), 3 survivors (3072K)
 Metaspace       used 42392K, committed 43008K, reserved 1114112K
  class space    used 5907K, committed 6208K, reserved 1048576K
}
Event: 10.690 GC heap before
{Heap before GC invocations=17 (full 0):
 garbage-first heap   total 153600K, used 119832K [0x0000000080000000, 0x0000000100000000)
  region size 1024K, 35 young (35840K), 3 survivors (3072K)
 Metaspace       used 43926K, committed 44544K, reserved 1114112K
  class space    used 6058K, committed 6336K, reserved 1048576K
}
Event: 10.697 GC heap after
{Heap after GC invocations=18 (full 0):
 garbage-first heap   total 153600K, used 90072K [0x0000000080000000, 0x0000000100000000)
  region size 1024K, 5 young (5120K), 5 survivors (5120K)
 Metaspace       used 43926K, committed 44544K, reserved 1114112K
  class space    used 6058K, committed 6336K, reserved 1048576K
}
Event: 10.820 GC heap before
{Heap before GC invocations=19 (full 0):
 garbage-first heap   total 158720K, used 96216K [0x0000000080000000, 0x0000000100000000)
  region size 1024K, 11 young (11264K), 5 survivors (5120K)
 Metaspace       used 44152K, committed 44736K, reserved 1114112K
  class space    used 6095K, committed 6400K, reserved 1048576K
}
Event: 10.826 GC heap after
{Heap after GC invocations=20 (full 0):
 garbage-first heap   total 158720K, used 94253K [0x0000000080000000, 0x0000000100000000)
  region size 1024K, 5 young (5120K), 5 survivors (5120K)
 Metaspace       used 44152K, committed 44736K, reserved 1114112K
  class space    used 6095K, committed 6400K, reserved 1048576K
}
Event: 11.344 GC heap before
{Heap before GC invocations=21 (full 0):
 garbage-first heap   total 183296K, used 133165K [0x0000000080000000, 0x0000000100000000)
  region size 1024K, 37 young (37888K), 5 survivors (5120K)
 Metaspace       used 47202K, committed 47872K, reserved 1114112K
  class space    used 6509K, committed 6784K, reserved 1048576K
}
Event: 11.350 GC heap after
{Heap after GC invocations=22 (full 0):
 garbage-first heap   total 183296K, used 105293K [0x0000000080000000, 0x0000000100000000)
  region size 1024K, 5 young (5120K), 5 survivors (5120K)
 Metaspace       used 47202K, committed 47872K, reserved 1114112K
  class space    used 6509K, committed 6784K, reserved 1048576K
}
Event: 12.101 GC heap before
{Heap before GC invocations=22 (full 0):
 garbage-first heap   total 183296K, used 142157K [0x0000000080000000, 0x0000000100000000)
  region size 1024K, 41 young (41984K), 5 survivors (5120K)
 Metaspace       used 53332K, committed 54016K, reserved 1114112K
  class space    used 7263K, committed 7552K, reserved 1048576K
}
Event: 12.106 GC heap after
{Heap after GC invocations=23 (full 0):
 garbage-first heap   total 183296K, used 107420K [0x0000000080000000, 0x0000000100000000)
  region size 1024K, 2 young (2048K), 2 survivors (2048K)
 Metaspace       used 53332K, committed 54016K, reserved 1114112K
  class space    used 7263K, committed 7552K, reserved 1048576K
}
Event: 12.398 GC heap before
{Heap before GC invocations=24 (full 0):
 garbage-first heap   total 188416K, used 115612K [0x0000000080000000, 0x0000000100000000)
  region size 1024K, 11 young (11264K), 2 survivors (2048K)
 Metaspace       used 55133K, committed 55744K, reserved 1114112K
  class space    used 7475K, committed 7744K, reserved 1048576K
}
Event: 12.405 GC heap after
{Heap after GC invocations=25 (full 0):
 garbage-first heap   total 188416K, used 108910K [0x0000000080000000, 0x0000000100000000)
  region size 1024K, 4 young (4096K), 4 survivors (4096K)
 Metaspace       used 55133K, committed 55744K, reserved 1114112K
  class space    used 7475K, committed 7744K, reserved 1048576K
}
Event: 13.055 GC heap before
{Heap before GC invocations=26 (full 0):
 garbage-first heap   total 215040K, used 154990K [0x0000000080000000, 0x0000000100000000)
  region size 1024K, 43 young (44032K), 4 survivors (4096K)
 Metaspace       used 57734K, committed 58304K, reserved 1114112K
  class space    used 7803K, committed 8064K, reserved 1048576K
}
Event: 13.064 GC heap after
{Heap after GC invocations=27 (full 0):
 garbage-first heap   total 258048K, used 112282K [0x0000000080000000, 0x0000000100000000)
  region size 1024K, 5 young (5120K), 5 survivors (5120K)
 Metaspace       used 57734K, committed 58304K, reserved 1114112K
  class space    used 7803K, committed 8064K, reserved 1048576K
}
Event: 14.137 GC heap before
{Heap before GC invocations=27 (full 0):
 garbage-first heap   total 258048K, used 181914K [0x0000000080000000, 0x0000000100000000)
  region size 1024K, 73 young (74752K), 5 survivors (5120K)
 Metaspace       used 62596K, committed 63296K, reserved 1114112K
  class space    used 8432K, committed 8768K, reserved 1048576K
}
Event: 14.149 GC heap after
{Heap after GC invocations=28 (full 0):
 garbage-first heap   total 258048K, used 117159K [0x0000000080000000, 0x0000000100000000)
  region size 1024K, 10 young (10240K), 10 survivors (10240K)
 Metaspace       used 62596K, committed 63296K, reserved 1114112K
  class space    used 8432K, committed 8768K, reserved 1048576K
}
Event: 15.346 GC heap before
{Heap before GC invocations=28 (full 0):
 garbage-first heap   total 258048K, used 187815K [0x0000000080000000, 0x0000000100000000)
  region size 1024K, 79 young (80896K), 10 survivors (10240K)
 Metaspace       used 69080K, committed 69824K, reserved 1114112K
  class space    used 9484K, committed 9856K, reserved 1048576K
}
Event: 15.360 GC heap after
{Heap after GC invocations=29 (full 0):
 garbage-first heap   total 258048K, used 122277K [0x0000000080000000, 0x0000000100000000)
  region size 1024K, 10 young (10240K), 10 survivors (10240K)
 Metaspace       used 69080K, committed 69824K, reserved 1114112K
  class space    used 9484K, committed 9856K, reserved 1048576K
}
Event: 16.337 GC heap before
{Heap before GC invocations=29 (full 0):
 garbage-first heap   total 258048K, used 168357K [0x0000000080000000, 0x0000000100000000)
  region size 1024K, 57 young (58368K), 10 survivors (10240K)
 Metaspace       used 74194K, committed 74944K, reserved 1114112K
  class space    used 10075K, committed 10432K, reserved 1048576K
}
Event: 16.356 GC heap after
{Heap after GC invocations=30 (full 0):
 garbage-first heap   total 258048K, used 128421K [0x0000000080000000, 0x0000000100000000)
  region size 1024K, 11 young (11264K), 11 survivors (11264K)
 Metaspace       used 74194K, committed 74944K, reserved 1114112K
  class space    used 10075K, committed 10432K, reserved 1048576K
}

