# JRE version: OpenJDK Runtime Environment Corretto-17.0.7.7.1 (17.0.7+7) (build 17.0.7+7-LTS)
# Java VM: OpenJDK 64-Bit Server VM Corretto-17.0.7.7.1 (17.0.7+7-LTS, mixed mode, sharing, tiered, compressed oops, compressed class ptrs, g1 gc, windows-amd64)
GC Precious Log:
 CPUs: 4 total, 4 available
 Memory: 14274M
 Large Page Support: Disabled
 NUMA Support: Disabled
 Compressed Oops: Enabled (32-bit)
 Heap Region Size: 1M
 Heap Min Capacity: 8M
 Heap Initial Capacity: 224M
 Heap Max Capacity: 2G
 Pre-touch: Disabled
 Parallel Workers: 4
 Concurrent Workers: 1
 Concurrent Refinement Workers: 4
 Periodic GC: Disabled
Heap:
 garbage-first heap   total 257024K, used 167982K [0x0000000080000000, 0x0000000100000000)
  region size 1024K, 7 young (7168K), 2 survivors (2048K)
 Metaspace       used 116593K, committed 117504K, reserved 1179648K
  class space    used 15459K, committed 15872K, reserved 1048576K
GC Heap History (20 events):
Event: 40.437 GC heap before
{Heap before GC invocations=52 (full 0):
 garbage-first heap   total 257024K, used 204198K [0x0000000080000000, 0x0000000100000000)
  region size 1024K, 94 young (96256K), 1 survivors (1024K)
 Metaspace       used 90121K, committed 90880K, reserved 1179648K
  class space    used 12165K, committed 12544K, reserved 1048576K
}
Event: 40.445 GC heap after
{Heap after GC invocations=53 (full 0):
 garbage-first heap   total 257024K, used 113307K [0x0000000080000000, 0x0000000100000000)
  region size 1024K, 5 young (5120K), 5 survivors (5120K)
 Metaspace       used 90121K, committed 90880K, reserved 1179648K
  class space    used 12165K, committed 12544K, reserved 1048576K
}
Event: 54.090 GC heap before
{Heap before GC invocations=53 (full 0):
 garbage-first heap   total 257024K, used 206491K [0x0000000080000000, 0x0000000100000000)
  region size 1024K, 97 young (99328K), 5 survivors (5120K)
 Metaspace       used 91803K, committed 92608K, reserved 1179648K
  class space    used 12388K, committed 12800K, reserved 1048576K
}
Event: 54.102 GC heap after
{Heap after GC invocations=54 (full 0):
 garbage-first heap   total 257024K, used 118521K [0x0000000080000000, 0x0000000100000000)
  region size 1024K, 10 young (10240K), 10 survivors (10240K)
 Metaspace       used 91803K, committed 92608K, reserved 1179648K
  class space    used 12388K, committed 12800K, reserved 1048576K
}
Event: 75.763 GC heap before
{Heap before GC invocations=54 (full 0):
 garbage-first heap   total 257024K, used 208633K [0x0000000080000000, 0x0000000100000000)
  region size 1024K, 99 young (101376K), 10 survivors (10240K)
 Metaspace       used 92518K, committed 93312K, reserved 1179648K
  class space    used 12477K, committed 12864K, reserved 1048576K
}
Event: 75.783 GC heap after
{Heap after GC invocations=55 (full 0):
 garbage-first heap   total 257024K, used 125987K [0x0000000080000000, 0x0000000100000000)
  region size 1024K, 13 young (13312K), 13 survivors (13312K)
 Metaspace       used 92518K, committed 93312K, reserved 1179648K
  class space    used 12477K, committed 12864K, reserved 1048576K
}
Event: 81.034 GC heap before
{Heap before GC invocations=55 (full 0):
 garbage-first heap   total 257024K, used 213027K [0x0000000080000000, 0x0000000100000000)
  region size 1024K, 94 young (96256K), 13 survivors (13312K)
 Metaspace       used 101612K, committed 102464K, reserved 1179648K
  class space    used 13600K, committed 14016K, reserved 1048576K
}
Event: 81.052 GC heap after
{Heap after GC invocations=56 (full 0):
 garbage-first heap   total 257024K, used 133050K [0x0000000080000000, 0x0000000100000000)
  region size 1024K, 7 young (7168K), 7 survivors (7168K)
 Metaspace       used 101612K, committed 102464K, reserved 1179648K
  class space    used 13600K, committed 14016K, reserved 1048576K
}
Event: 83.444 GC heap before
{Heap before GC invocations=56 (full 0):
 garbage-first heap   total 257024K, used 209850K [0x0000000080000000, 0x0000000100000000)
  region size 1024K, 83 young (84992K), 7 survivors (7168K)
 Metaspace       used 101731K, committed 102528K, reserved 1179648K
  class space    used 13617K, committed 14016K, reserved 1048576K
}
Event: 83.457 GC heap after
{Heap after GC invocations=57 (full 0):
 garbage-first heap   total 257024K, used 133692K [0x0000000080000000, 0x0000000100000000)
  region size 1024K, 4 young (4096K), 4 survivors (4096K)
 Metaspace       used 101731K, committed 102528K, reserved 1179648K
  class space    used 13617K, committed 14016K, reserved 1048576K
}
Event: 86.168 GC heap before
{Heap before GC invocations=57 (full 0):
 garbage-first heap   total 257024K, used 213564K [0x0000000080000000, 0x0000000100000000)
  region size 1024K, 81 young (82944K), 4 survivors (4096K)
 Metaspace       used 102060K, committed 102912K, reserved 1179648K
  class space    used 13653K, committed 14080K, reserved 1048576K
}
Event: 86.184 GC heap after
{Heap after GC invocations=58 (full 0):
 garbage-first heap   total 257024K, used 141312K [0x0000000080000000, 0x0000000100000000)
  region size 1024K, 11 young (11264K), 11 survivors (11264K)
 Metaspace       used 102060K, committed 102912K, reserved 1179648K
  class space    used 13653K, committed 14080K, reserved 1048576K
}
Event: 88.668 GC heap before
{Heap before GC invocations=58 (full 0):
 garbage-first heap   total 257024K, used 214016K [0x0000000080000000, 0x0000000100000000)
  region size 1024K, 80 young (81920K), 11 survivors (11264K)
 Metaspace       used 107312K, committed 108096K, reserved 1179648K
  class space    used 14211K, committed 14592K, reserved 1048576K
}
Event: 88.690 GC heap after
{Heap after GC invocations=59 (full 0):
 garbage-first heap   total 257024K, used 156086K [0x0000000080000000, 0x0000000100000000)
  region size 1024K, 10 young (10240K), 10 survivors (10240K)
 Metaspace       used 107312K, committed 108096K, reserved 1179648K
  class space    used 14211K, committed 14592K, reserved 1048576K
}
Event: 91.014 GC heap before
{Heap before GC invocations=59 (full 0):
 garbage-first heap   total 257024K, used 210358K [0x0000000080000000, 0x0000000100000000)
  region size 1024K, 63 young (64512K), 10 survivors (10240K)
 Metaspace       used 112650K, committed 113472K, reserved 1179648K
  class space    used 14909K, committed 15296K, reserved 1048576K
}
Event: 91.030 GC heap after
{Heap after GC invocations=60 (full 0):
 garbage-first heap   total 257024K, used 159572K [0x0000000080000000, 0x0000000100000000)
  region size 1024K, 3 young (3072K), 3 survivors (3072K)
 Metaspace       used 112650K, committed 113472K, reserved 1179648K
  class space    used 14909K, committed 15296K, reserved 1048576K
}
Event: 92.433 GC heap before
{Heap before GC invocations=60 (full 0):
 garbage-first heap   total 257024K, used 212820K [0x0000000080000000, 0x0000000100000000)
  region size 1024K, 55 young (56320K), 3 survivors (3072K)
 Metaspace       used 113599K, committed 114432K, reserved 1179648K
  class space    used 15030K, committed 15424K, reserved 1048576K
}
Event: 92.448 GC heap after
{Heap after GC invocations=61 (full 0):
 garbage-first heap   total 257024K, used 163408K [0x0000000080000000, 0x0000000100000000)
  region size 1024K, 7 young (7168K), 7 survivors (7168K)
 Metaspace       used 113599K, committed 114432K, reserved 1179648K
  class space    used 15030K, committed 15424K, reserved 1048576K
}
Event: 95.214 GC heap before
{Heap before GC invocations=61 (full 0):
 garbage-first heap   total 257024K, used 214608K [0x0000000080000000, 0x0000000100000000)
  region size 1024K, 57 young (58368K), 7 survivors (7168K)
 Metaspace       used 116483K, committed 117376K, reserved 1179648K
  class space    used 15458K, committed 15872K, reserved 1048576K
}
Event: 95.223 GC heap after
{Heap after GC invocations=62 (full 0):
 garbage-first heap   total 257024K, used 163886K [0x0000000080000000, 0x0000000100000000)
  region size 1024K, 2 young (2048K), 2 survivors (2048K)
 Metaspace       used 116483K, committed 117376K, reserved 1179648K
  class space    used 15458K, committed 15872K, reserved 1048576K
}

