# JRE version: OpenJDK Runtime Environment Corretto-17.0.7.7.1 (17.0.7+7) (build 17.0.7+7-LTS)
# Java VM: OpenJDK 64-Bit Server VM Corretto-17.0.7.7.1 (17.0.7+7-LTS, mixed mode, sharing, tiered, compressed oops, compressed class ptrs, g1 gc, windows-amd64)
GC Precious Log:
 CPUs: 4 total, 4 available
 Memory: 14274M
 Large Page Support: Disabled
 NUMA Support: Disabled
 Compressed Oops: Enabled (32-bit)
 Heap Region Size: 1M
 Heap Min Capacity: 8M
 Heap Initial Capacity: 224M
 Heap Max Capacity: 2G
 Pre-touch: Disabled
 Parallel Workers: 4
 Concurrent Workers: 1
 Concurrent Refinement Workers: 4
 Periodic GC: Disabled
Heap:
 garbage-first heap   total 409600K, used 180801K [0x0000000080000000, 0x0000000100000000)
  region size 1024K, 7 young (7168K), 7 survivors (7168K)
 Metaspace       used 137891K, committed 138816K, reserved 1179648K
  class space    used 18042K, committed 18496K, reserved 1048576K
GC Heap History (20 events):
Event: 31.369 GC heap after
{Heap after GC invocations=39 (full 0):
 garbage-first heap   total 378880K, used 117978K [0x0000000080000000, 0x0000000100000000)
  region size 1024K, 2 young (2048K), 2 survivors (2048K)
 Metaspace       used 93962K, committed 94720K, reserved 1179648K
  class space    used 12445K, committed 12800K, reserved 1048576K
}
Event: 38.901 GC heap before
{Heap before GC invocations=39 (full 0):
 garbage-first heap   total 378880K, used 292058K [0x0000000080000000, 0x0000000100000000)
  region size 1024K, 173 young (177152K), 2 survivors (2048K)
 Metaspace       used 98603K, committed 99456K, reserved 1179648K
  class space    used 12963K, committed 13376K, reserved 1048576K
}
Event: 38.924 GC heap after
{Heap after GC invocations=40 (full 0):
 garbage-first heap   total 378880K, used 129241K [0x0000000080000000, 0x0000000100000000)
  region size 1024K, 13 young (13312K), 13 survivors (13312K)
 Metaspace       used 98603K, committed 99456K, reserved 1179648K
  class space    used 12963K, committed 13376K, reserved 1048576K
}
Event: 42.419 GC heap before
{Heap before GC invocations=41 (full 0):
 garbage-first heap   total 378880K, used 302297K [0x0000000080000000, 0x0000000100000000)
  region size 1024K, 178 young (182272K), 13 survivors (13312K)
 Metaspace       used 111643K, committed 112512K, reserved 1179648K
  class space    used 14497K, committed 14912K, reserved 1048576K
}
Event: 42.448 GC heap after
{Heap after GC invocations=42 (full 0):
 garbage-first heap   total 378880K, used 150512K [0x0000000080000000, 0x0000000100000000)
  region size 1024K, 19 young (19456K), 19 survivors (19456K)
 Metaspace       used 111643K, committed 112512K, reserved 1179648K
  class space    used 14497K, committed 14912K, reserved 1048576K
}
Event: 42.466 GC heap before
{Heap before GC invocations=42 (full 0):
 garbage-first heap   total 378880K, used 151536K [0x0000000080000000, 0x0000000100000000)
  region size 1024K, 20 young (20480K), 19 survivors (19456K)
 Metaspace       used 111839K, committed 112768K, reserved 1179648K
  class space    used 14514K, committed 14976K, reserved 1048576K
}
Event: 42.482 GC heap after
{Heap after GC invocations=43 (full 0):
 garbage-first heap   total 378880K, used 150515K [0x0000000080000000, 0x0000000100000000)
  region size 1024K, 2 young (2048K), 2 survivors (2048K)
 Metaspace       used 111839K, committed 112768K, reserved 1179648K
  class space    used 14514K, committed 14976K, reserved 1048576K
}
Event: 45.087 GC heap before
{Heap before GC invocations=43 (full 0):
 garbage-first heap   total 378880K, used 296947K [0x0000000080000000, 0x0000000100000000)
  region size 1024K, 145 young (148480K), 2 survivors (2048K)
 Metaspace       used 120419K, committed 121280K, reserved 1179648K
  class space    used 15722K, committed 16128K, reserved 1048576K
}
Event: 45.108 GC heap after
{Heap after GC invocations=44 (full 0):
 garbage-first heap   total 378880K, used 157063K [0x0000000080000000, 0x0000000100000000)
  region size 1024K, 8 young (8192K), 8 survivors (8192K)
 Metaspace       used 120419K, committed 121280K, reserved 1179648K
  class space    used 15722K, committed 16128K, reserved 1048576K
}
Event: 48.340 GC heap before
{Heap before GC invocations=45 (full 0):
 garbage-first heap   total 378880K, used 301447K [0x0000000080000000, 0x0000000100000000)
  region size 1024K, 150 young (153600K), 8 survivors (8192K)
 Metaspace       used 122994K, committed 123840K, reserved 1179648K
  class space    used 15989K, committed 16384K, reserved 1048576K
}
Event: 48.376 GC heap after
{Heap after GC invocations=46 (full 0):
 garbage-first heap   total 378880K, used 174055K [0x0000000080000000, 0x0000000100000000)
  region size 1024K, 19 young (19456K), 19 survivors (19456K)
 Metaspace       used 122994K, committed 123840K, reserved 1179648K
  class space    used 15989K, committed 16384K, reserved 1048576K
}
Event: 48.423 GC heap before
{Heap before GC invocations=46 (full 0):
 garbage-first heap   total 378880K, used 174055K [0x0000000080000000, 0x0000000100000000)
  region size 1024K, 20 young (20480K), 19 survivors (19456K)
 Metaspace       used 122994K, committed 123840K, reserved 1179648K
  class space    used 15989K, committed 16384K, reserved 1048576K
}
Event: 48.459 GC heap after
{Heap after GC invocations=47 (full 0):
 garbage-first heap   total 378880K, used 174547K [0x0000000080000000, 0x0000000100000000)
  region size 1024K, 2 young (2048K), 2 survivors (2048K)
 Metaspace       used 122994K, committed 123840K, reserved 1179648K
  class space    used 15989K, committed 16384K, reserved 1048576K
}
Event: 48.479 GC heap before
{Heap before GC invocations=47 (full 0):
 garbage-first heap   total 378880K, used 174547K [0x0000000080000000, 0x0000000100000000)
  region size 1024K, 3 young (3072K), 2 survivors (2048K)
 Metaspace       used 122999K, committed 123840K, reserved 1179648K
  class space    used 15990K, committed 16384K, reserved 1048576K
}
Event: 48.482 GC heap after
{Heap after GC invocations=48 (full 0):
 garbage-first heap   total 378880K, used 173199K [0x0000000080000000, 0x0000000100000000)
  region size 1024K, 1 young (1024K), 1 survivors (1024K)
 Metaspace       used 122999K, committed 123840K, reserved 1179648K
  class space    used 15990K, committed 16384K, reserved 1048576K
}
Event: 51.559 GC heap before
{Heap before GC invocations=49 (full 0):
 garbage-first heap   total 378880K, used 294031K [0x0000000080000000, 0x0000000100000000)
  region size 1024K, 118 young (120832K), 1 survivors (1024K)
 Metaspace       used 126576K, committed 127424K, reserved 1179648K
  class space    used 16472K, committed 16896K, reserved 1048576K
}
Event: 51.574 GC heap after
{Heap after GC invocations=50 (full 0):
 garbage-first heap   total 378880K, used 184253K [0x0000000080000000, 0x0000000100000000)
  region size 1024K, 10 young (10240K), 10 survivors (10240K)
 Metaspace       used 126576K, committed 127424K, reserved 1179648K
  class space    used 16472K, committed 16896K, reserved 1048576K
}
Event: 51.786 GC heap before
{Heap before GC invocations=50 (full 0):
 garbage-first heap   total 378880K, used 191421K [0x0000000080000000, 0x0000000100000000)
  region size 1024K, 18 young (18432K), 10 survivors (10240K)
 Metaspace       used 128478K, committed 129344K, reserved 1179648K
  class space    used 16735K, committed 17152K, reserved 1048576K
}
Event: 51.796 GC heap after
{Heap after GC invocations=51 (full 0):
 garbage-first heap   total 378880K, used 175252K [0x0000000080000000, 0x0000000100000000)
  region size 1024K, 1 young (1024K), 1 survivors (1024K)
 Metaspace       used 128478K, committed 129344K, reserved 1179648K
  class space    used 16735K, committed 17152K, reserved 1048576K
}
Event: 54.485 GC heap before
{Heap before GC invocations=51 (full 0):
 garbage-first heap   total 378880K, used 296084K [0x0000000080000000, 0x0000000100000000)
  region size 1024K, 120 young (122880K), 1 survivors (1024K)
 Metaspace       used 137891K, committed 138816K, reserved 1179648K
  class space    used 18042K, committed 18496K, reserved 1048576K
}

