# JRE version: OpenJDK Runtime Environment Corretto-17.0.7.7.1 (17.0.7+7) (build 17.0.7+7-LTS)
# Java VM: OpenJDK 64-Bit Server VM Corretto-17.0.7.7.1 (17.0.7+7-LTS, mixed mode, sharing, tiered, compressed oops, compressed class ptrs, g1 gc, windows-amd64)
GC Precious Log:
 CPUs: 4 total, 4 available
 Memory: 14274M
 Large Page Support: Disabled
 NUMA Support: Disabled
 Compressed Oops: Enabled (32-bit)
 Heap Region Size: 1M
 Heap Min Capacity: 8M
 Heap Initial Capacity: 224M
 Heap Max Capacity: 2G
 Pre-touch: Disabled
 Parallel Workers: 4
 Concurrent Workers: 1
 Concurrent Refinement Workers: 4
 Periodic GC: Disabled
Heap:
 garbage-first heap   total 235520K, used 159267K [0x0000000080000000, 0x0000000100000000)
  region size 1024K, 36 young (36864K), 4 survivors (4096K)
 Metaspace       used 57313K, committed 57984K, reserved 1114112K
  class space    used 7753K, committed 8064K, reserved 1048576K
GC Heap History (20 events):
Event: 7.119 GC heap before
{Heap before GC invocations=5 (full 0):
 garbage-first heap   total 194560K, used 158657K [0x0000000080000000, 0x0000000100000000)
  region size 1024K, 114 young (116736K), 15 survivors (15360K)
 Metaspace       used 35434K, committed 35904K, reserved 1114112K
  class space    used 4932K, committed 5120K, reserved 1048576K
}
Event: 7.144 GC heap after
{Heap after GC invocations=6 (full 0):
 garbage-first heap   total 194560K, used 63573K [0x0000000080000000, 0x0000000100000000)
  region size 1024K, 9 young (9216K), 9 survivors (9216K)
 Metaspace       used 35434K, committed 35904K, reserved 1114112K
  class space    used 4932K, committed 5120K, reserved 1048576K
}
Event: 7.174 GC heap before
{Heap before GC invocations=6 (full 0):
 garbage-first heap   total 194560K, used 64597K [0x0000000080000000, 0x0000000100000000)
  region size 1024K, 11 young (11264K), 9 survivors (9216K)
 Metaspace       used 35587K, committed 35968K, reserved 1114112K
  class space    used 4956K, committed 5120K, reserved 1048576K
}
Event: 7.182 GC heap after
{Heap after GC invocations=7 (full 0):
 garbage-first heap   total 194560K, used 64112K [0x0000000080000000, 0x0000000100000000)
  region size 1024K, 2 young (2048K), 2 survivors (2048K)
 Metaspace       used 35587K, committed 35968K, reserved 1114112K
  class space    used 4956K, committed 5120K, reserved 1048576K
}
Event: 8.499 GC heap before
{Heap before GC invocations=8 (full 0):
 garbage-first heap   total 194560K, used 141936K [0x0000000080000000, 0x0000000100000000)
  region size 1024K, 57 young (58368K), 2 survivors (2048K)
 Metaspace       used 39989K, committed 40576K, reserved 1114112K
  class space    used 5513K, committed 5824K, reserved 1048576K
}
Event: 8.506 GC heap after
{Heap after GC invocations=9 (full 0):
 garbage-first heap   total 194560K, used 91783K [0x0000000080000000, 0x0000000100000000)
  region size 1024K, 8 young (8192K), 8 survivors (8192K)
 Metaspace       used 39989K, committed 40576K, reserved 1114112K
  class space    used 5513K, committed 5824K, reserved 1048576K
}
Event: 8.514 GC heap before
{Heap before GC invocations=9 (full 0):
 garbage-first heap   total 194560K, used 97927K [0x0000000080000000, 0x0000000100000000)
  region size 1024K, 9 young (9216K), 8 survivors (8192K)
 Metaspace       used 39989K, committed 40576K, reserved 1114112K
  class space    used 5513K, committed 5824K, reserved 1048576K
}
Event: 8.520 GC heap after
{Heap after GC invocations=10 (full 0):
 garbage-first heap   total 194560K, used 97849K [0x0000000080000000, 0x0000000100000000)
  region size 1024K, 1 young (1024K), 1 survivors (1024K)
 Metaspace       used 39989K, committed 40576K, reserved 1114112K
  class space    used 5513K, committed 5824K, reserved 1048576K
}
Event: 9.696 GC heap before
{Heap before GC invocations=11 (full 0):
 garbage-first heap   total 194560K, used 157241K [0x0000000080000000, 0x0000000100000000)
  region size 1024K, 58 young (59392K), 1 survivors (1024K)
 Metaspace       used 43777K, committed 44416K, reserved 1114112K
  class space    used 6058K, committed 6336K, reserved 1048576K
}
Event: 9.703 GC heap after
{Heap after GC invocations=12 (full 0):
 garbage-first heap   total 194560K, used 102739K [0x0000000080000000, 0x0000000100000000)
  region size 1024K, 4 young (4096K), 4 survivors (4096K)
 Metaspace       used 43777K, committed 44416K, reserved 1114112K
  class space    used 6058K, committed 6336K, reserved 1048576K
}
Event: 9.923 GC heap before
{Heap before GC invocations=12 (full 0):
 garbage-first heap   total 194560K, used 112979K [0x0000000080000000, 0x0000000100000000)
  region size 1024K, 16 young (16384K), 4 survivors (4096K)
 Metaspace       used 44143K, committed 44800K, reserved 1114112K
  class space    used 6096K, committed 6400K, reserved 1048576K
}
Event: 9.931 GC heap after
{Heap after GC invocations=13 (full 0):
 garbage-first heap   total 194560K, used 103061K [0x0000000080000000, 0x0000000100000000)
  region size 1024K, 5 young (5120K), 5 survivors (5120K)
 Metaspace       used 44143K, committed 44800K, reserved 1114112K
  class space    used 6096K, committed 6400K, reserved 1048576K
}
Event: 10.055 GC heap before
{Heap before GC invocations=14 (full 0):
 garbage-first heap   total 194560K, used 115349K [0x0000000080000000, 0x0000000100000000)
  region size 1024K, 12 young (12288K), 5 survivors (5120K)
 Metaspace       used 44159K, committed 44800K, reserved 1114112K
  class space    used 6096K, committed 6400K, reserved 1048576K
}
Event: 10.060 GC heap after
{Heap after GC invocations=15 (full 0):
 garbage-first heap   total 194560K, used 115943K [0x0000000080000000, 0x0000000100000000)
  region size 1024K, 8 young (8192K), 8 survivors (8192K)
 Metaspace       used 44159K, committed 44800K, reserved 1114112K
  class space    used 6096K, committed 6400K, reserved 1048576K
}
Event: 10.696 GC heap before
{Heap before GC invocations=16 (full 0):
 garbage-first heap   total 203776K, used 143591K [0x0000000080000000, 0x0000000100000000)
  region size 1024K, 34 young (34816K), 8 survivors (8192K)
 Metaspace       used 47066K, committed 47680K, reserved 1114112K
  class space    used 6491K, committed 6784K, reserved 1048576K
}
Event: 10.704 GC heap after
{Heap after GC invocations=17 (full 0):
 garbage-first heap   total 203776K, used 118330K [0x0000000080000000, 0x0000000100000000)
  region size 1024K, 3 young (3072K), 3 survivors (3072K)
 Metaspace       used 47066K, committed 47680K, reserved 1114112K
  class space    used 6491K, committed 6784K, reserved 1048576K
}
Event: 11.371 GC heap before
{Heap before GC invocations=17 (full 0):
 garbage-first heap   total 203776K, used 150074K [0x0000000080000000, 0x0000000100000000)
  region size 1024K, 34 young (34816K), 3 survivors (3072K)
 Metaspace       used 51723K, committed 52416K, reserved 1114112K
  class space    used 7046K, committed 7360K, reserved 1048576K
}
Event: 11.378 GC heap after
{Heap after GC invocations=18 (full 0):
 garbage-first heap   total 203776K, used 119462K [0x0000000080000000, 0x0000000100000000)
  region size 1024K, 4 young (4096K), 4 survivors (4096K)
 Metaspace       used 51723K, committed 52416K, reserved 1114112K
  class space    used 7046K, committed 7360K, reserved 1048576K
}
Event: 12.295 GC heap before
{Heap before GC invocations=19 (full 0):
 garbage-first heap   total 206848K, used 134822K [0x0000000080000000, 0x0000000100000000)
  region size 1024K, 20 young (20480K), 4 survivors (4096K)
 Metaspace       used 55169K, committed 55872K, reserved 1114112K
  class space    used 7479K, committed 7808K, reserved 1048576K
}
Event: 12.304 GC heap after
{Heap after GC invocations=20 (full 0):
 garbage-first heap   total 206848K, used 121379K [0x0000000080000000, 0x0000000100000000)
  region size 1024K, 4 young (4096K), 4 survivors (4096K)
 Metaspace       used 55169K, committed 55872K, reserved 1114112K
  class space    used 7479K, committed 7808K, reserved 1048576K
}

