# JRE version: OpenJDK Runtime Environment Corretto-17.0.7.7.1 (17.0.7+7) (build 17.0.7+7-LTS)
# Java VM: OpenJDK 64-Bit Server VM Corretto-17.0.7.7.1 (17.0.7+7-LTS, mixed mode, sharing, tiered, compressed oops, compressed class ptrs, g1 gc, windows-amd64)
GC Precious Log:
 CPUs: 4 total, 4 available
 Memory: 14274M
 Large Page Support: Disabled
 NUMA Support: Disabled
 Compressed Oops: Enabled (32-bit)
 Heap Region Size: 1M
 Heap Min Capacity: 8M
 Heap Initial Capacity: 224M
 Heap Max Capacity: 2G
 Pre-touch: Disabled
 Parallel Workers: 4
 Concurrent Workers: 1
 Concurrent Refinement Workers: 4
 Periodic GC: Disabled
Heap:
 garbage-first heap   total 345088K, used 224209K [0x0000000080000000, 0x0000000100000000)
  region size 1024K, 20 young (20480K), 8 survivors (8192K)
 Metaspace       used 105038K, committed 105984K, reserved 1179648K
  class space    used 13793K, committed 14272K, reserved 1048576K
GC Heap History (20 events):
Event: 16.541 GC heap before
{Heap before GC invocations=23 (full 0):
 garbage-first heap   total 288768K, used 208696K [0x0000000080000000, 0x0000000100000000)
  region size 1024K, 82 young (83968K), 7 survivors (7168K)
 Metaspace       used 74228K, committed 75008K, reserved 1114112K
  class space    used 10078K, committed 10432K, reserved 1048576K
}
Event: 16.559 GC heap after
{Heap after GC invocations=24 (full 0):
 garbage-first heap   total 288768K, used 143880K [0x0000000080000000, 0x0000000100000000)
  region size 1024K, 10 young (10240K), 10 survivors (10240K)
 Metaspace       used 74228K, committed 75008K, reserved 1114112K
  class space    used 10078K, committed 10432K, reserved 1048576K
}
Event: 17.757 GC heap before
{Heap before GC invocations=25 (full 0):
 garbage-first heap   total 290816K, used 225800K [0x0000000080000000, 0x0000000100000000)
  region size 1024K, 64 young (65536K), 10 survivors (10240K)
 Metaspace       used 78065K, committed 78784K, reserved 1179648K
  class space    used 10606K, committed 10944K, reserved 1048576K
}
Event: 17.776 GC heap after
{Heap after GC invocations=26 (full 0):
 garbage-first heap   total 290816K, used 180196K [0x0000000080000000, 0x0000000100000000)
  region size 1024K, 9 young (9216K), 9 survivors (9216K)
 Metaspace       used 78065K, committed 78784K, reserved 1179648K
  class space    used 10606K, committed 10944K, reserved 1048576K
}
Event: 19.385 GC heap before
{Heap before GC invocations=27 (full 0):
 garbage-first heap   total 309248K, used 234468K [0x0000000080000000, 0x0000000100000000)
  region size 1024K, 61 young (62464K), 9 survivors (9216K)
 Metaspace       used 85784K, committed 86592K, reserved 1179648K
  class space    used 11646K, committed 12032K, reserved 1048576K
}
Event: 19.399 GC heap after
{Heap after GC invocations=28 (full 0):
 garbage-first heap   total 309248K, used 183711K [0x0000000080000000, 0x0000000100000000)
  region size 1024K, 4 young (4096K), 4 survivors (4096K)
 Metaspace       used 85784K, committed 86592K, reserved 1179648K
  class space    used 11646K, committed 12032K, reserved 1048576K
}
Event: 20.857 GC heap before
{Heap before GC invocations=28 (full 0):
 garbage-first heap   total 309248K, used 245151K [0x0000000080000000, 0x0000000100000000)
  region size 1024K, 65 young (66560K), 4 survivors (4096K)
 Metaspace       used 89253K, committed 89984K, reserved 1179648K
  class space    used 11992K, committed 12352K, reserved 1048576K
}
Event: 20.873 GC heap after
{Heap after GC invocations=29 (full 0):
 garbage-first heap   total 309248K, used 190917K [0x0000000080000000, 0x0000000100000000)
  region size 1024K, 9 young (9216K), 9 survivors (9216K)
 Metaspace       used 89253K, committed 89984K, reserved 1179648K
  class space    used 11992K, committed 12352K, reserved 1048576K
}
Event: 22.144 GC heap before
{Heap before GC invocations=30 (full 0):
 garbage-first heap   total 331776K, used 248261K [0x0000000080000000, 0x0000000100000000)
  region size 1024K, 66 young (67584K), 9 survivors (9216K)
 Metaspace       used 90105K, committed 90944K, reserved 1179648K
  class space    used 12070K, committed 12480K, reserved 1048576K
}
Event: 22.169 GC heap after
{Heap after GC invocations=31 (full 0):
 garbage-first heap   total 331776K, used 195826K [0x0000000080000000, 0x0000000100000000)
  region size 1024K, 5 young (5120K), 5 survivors (5120K)
 Metaspace       used 90105K, committed 90944K, reserved 1179648K
  class space    used 12070K, committed 12480K, reserved 1048576K
}
Event: 22.363 GC heap before
{Heap before GC invocations=31 (full 0):
 garbage-first heap   total 331776K, used 206066K [0x0000000080000000, 0x0000000100000000)
  region size 1024K, 16 young (16384K), 5 survivors (5120K)
 Metaspace       used 90301K, committed 91136K, reserved 1179648K
  class space    used 12088K, committed 12480K, reserved 1048576K
}
Event: 22.372 GC heap after
{Heap after GC invocations=32 (full 0):
 garbage-first heap   total 331776K, used 197378K [0x0000000080000000, 0x0000000100000000)
  region size 1024K, 2 young (2048K), 2 survivors (2048K)
 Metaspace       used 90301K, committed 91136K, reserved 1179648K
  class space    used 12088K, committed 12480K, reserved 1048576K
}
Event: 23.452 GC heap before
{Heap before GC invocations=32 (full 0):
 garbage-first heap   total 331776K, used 265986K [0x0000000080000000, 0x0000000100000000)
  region size 1024K, 70 young (71680K), 2 survivors (2048K)
 Metaspace       used 93339K, committed 94144K, reserved 1179648K
  class space    used 12499K, committed 12864K, reserved 1048576K
}
Event: 23.460 GC heap after
{Heap after GC invocations=33 (full 0):
 garbage-first heap   total 331776K, used 200158K [0x0000000080000000, 0x0000000100000000)
  region size 1024K, 5 young (5120K), 5 survivors (5120K)
 Metaspace       used 93339K, committed 94144K, reserved 1179648K
  class space    used 12499K, committed 12864K, reserved 1048576K
}
Event: 25.491 GC heap before
{Heap before GC invocations=34 (full 0):
 garbage-first heap   total 345088K, used 270814K [0x0000000080000000, 0x0000000100000000)
  region size 1024K, 74 young (75776K), 5 survivors (5120K)
 Metaspace       used 98532K, committed 99456K, reserved 1179648K
  class space    used 13102K, committed 13504K, reserved 1048576K
}
Event: 25.510 GC heap after
{Heap after GC invocations=35 (full 0):
 garbage-first heap   total 345088K, used 206019K [0x0000000080000000, 0x0000000100000000)
  region size 1024K, 10 young (10240K), 10 survivors (10240K)
 Metaspace       used 98532K, committed 99456K, reserved 1179648K
  class space    used 13102K, committed 13504K, reserved 1048576K
}
Event: 25.579 GC heap before
{Heap before GC invocations=35 (full 0):
 garbage-first heap   total 345088K, used 212163K [0x0000000080000000, 0x0000000100000000)
  region size 1024K, 16 young (16384K), 10 survivors (10240K)
 Metaspace       used 98601K, committed 99584K, reserved 1179648K
  class space    used 13116K, committed 13568K, reserved 1048576K
}
Event: 25.592 GC heap after
{Heap after GC invocations=36 (full 0):
 garbage-first heap   total 345088K, used 206204K [0x0000000080000000, 0x0000000100000000)
  region size 1024K, 2 young (2048K), 2 survivors (2048K)
 Metaspace       used 98601K, committed 99584K, reserved 1179648K
  class space    used 13116K, committed 13568K, reserved 1048576K
}
Event: 82.024 GC heap before
{Heap before GC invocations=36 (full 0):
 garbage-first heap   total 345088K, used 280956K [0x0000000080000000, 0x0000000100000000)
  region size 1024K, 76 young (77824K), 2 survivors (2048K)
 Metaspace       used 104669K, committed 105600K, reserved 1179648K
  class space    used 13750K, committed 14208K, reserved 1048576K
}
Event: 82.038 GC heap after
{Heap after GC invocations=37 (full 0):
 garbage-first heap   total 345088K, used 212945K [0x0000000080000000, 0x0000000100000000)
  region size 1024K, 8 young (8192K), 8 survivors (8192K)
 Metaspace       used 104669K, committed 105600K, reserved 1179648K
  class space    used 13750K, committed 14208K, reserved 1048576K
}

