# JRE version: OpenJDK Runtime Environment Corretto-17.0.7.7.1 (17.0.7+7) (build 17.0.7+7-LTS)
# Java VM: OpenJDK 64-Bit Server VM Corretto-17.0.7.7.1 (17.0.7+7-LTS, mixed mode, sharing, tiered, compressed oops, compressed class ptrs, g1 gc, windows-amd64)
GC Precious Log:
 CPUs: 4 total, 4 available
 Memory: 14274M
 Large Page Support: Disabled
 NUMA Support: Disabled
 Compressed Oops: Enabled (32-bit)
 Heap Region Size: 1M
 Heap Min Capacity: 8M
 Heap Initial Capacity: 224M
 Heap Max Capacity: 2G
 Pre-touch: Disabled
 Parallel Workers: 4
 Concurrent Workers: 1
 Concurrent Refinement Workers: 4
 Periodic GC: Disabled
Heap:
 garbage-first heap   total 229376K, used 101418K [0x0000000080000000, 0x0000000100000000)
  region size 1024K, 3 young (3072K), 3 survivors (3072K)
 Metaspace       used 84278K, committed 84928K, reserved 1179648K
  class space    used 11409K, committed 11712K, reserved 1048576K
GC Heap History (20 events):
Event: 19.504 GC heap after
{Heap after GC invocations=27 (full 0):
 garbage-first heap   total 144384K, used 65233K [0x0000000080000000, 0x0000000100000000)
  region size 1024K, 5 young (5120K), 5 survivors (5120K)
 Metaspace       used 60226K, committed 60800K, reserved 1114112K
  class space    used 8082K, committed 8320K, reserved 1048576K
}
Event: 20.029 GC heap before
{Heap before GC invocations=27 (full 0):
 garbage-first heap   total 144384K, used 109265K [0x0000000080000000, 0x0000000100000000)
  region size 1024K, 48 young (49152K), 5 survivors (5120K)
 Metaspace       used 62128K, committed 62720K, reserved 1114112K
  class space    used 8316K, committed 8576K, reserved 1048576K
}
Event: 20.040 GC heap after
{Heap after GC invocations=28 (full 0):
 garbage-first heap   total 144384K, used 68983K [0x0000000080000000, 0x0000000100000000)
  region size 1024K, 4 young (4096K), 4 survivors (4096K)
 Metaspace       used 62128K, committed 62720K, reserved 1114112K
  class space    used 8316K, committed 8576K, reserved 1048576K
}
Event: 20.842 GC heap before
{Heap before GC invocations=28 (full 0):
 garbage-first heap   total 144384K, used 110967K [0x0000000080000000, 0x0000000100000000)
  region size 1024K, 45 young (46080K), 4 survivors (4096K)
 Metaspace       used 67011K, committed 67520K, reserved 1114112K
  class space    used 9172K, committed 9408K, reserved 1048576K
}
Event: 20.852 GC heap after
{Heap after GC invocations=29 (full 0):
 garbage-first heap   total 144384K, used 71158K [0x0000000080000000, 0x0000000100000000)
  region size 1024K, 3 young (3072K), 3 survivors (3072K)
 Metaspace       used 67011K, committed 67520K, reserved 1114112K
  class space    used 9172K, committed 9408K, reserved 1048576K
}
Event: 21.780 GC heap before
{Heap before GC invocations=30 (full 0):
 garbage-first heap   total 144384K, used 113142K [0x0000000080000000, 0x0000000100000000)
  region size 1024K, 44 young (45056K), 3 survivors (3072K)
 Metaspace       used 70747K, committed 71296K, reserved 1114112K
  class space    used 9698K, committed 9984K, reserved 1048576K
}
Event: 21.790 GC heap after
{Heap after GC invocations=31 (full 0):
 garbage-first heap   total 144384K, used 74764K [0x0000000080000000, 0x0000000100000000)
  region size 1024K, 6 young (6144K), 6 survivors (6144K)
 Metaspace       used 70747K, committed 71296K, reserved 1114112K
  class space    used 9698K, committed 9984K, reserved 1048576K
}
Event: 21.802 GC heap before
{Heap before GC invocations=31 (full 0):
 garbage-first heap   total 144384K, used 75788K [0x0000000080000000, 0x0000000100000000)
  region size 1024K, 7 young (7168K), 6 survivors (6144K)
 Metaspace       used 70781K, committed 71360K, reserved 1114112K
  class space    used 9704K, committed 9984K, reserved 1048576K
}
Event: 21.813 GC heap after
{Heap after GC invocations=32 (full 0):
 garbage-first heap   total 174080K, used 75132K [0x0000000080000000, 0x0000000100000000)
  region size 1024K, 1 young (1024K), 1 survivors (1024K)
 Metaspace       used 70781K, committed 71360K, reserved 1114112K
  class space    used 9704K, committed 9984K, reserved 1048576K
}
Event: 22.904 GC heap before
{Heap before GC invocations=32 (full 0):
 garbage-first heap   total 174080K, used 136572K [0x0000000080000000, 0x0000000100000000)
  region size 1024K, 61 young (62464K), 1 survivors (1024K)
 Metaspace       used 76560K, committed 77120K, reserved 1179648K
  class space    used 10506K, committed 10752K, reserved 1048576K
}
Event: 22.913 GC heap after
{Heap after GC invocations=33 (full 0):
 garbage-first heap   total 174080K, used 79850K [0x0000000080000000, 0x0000000100000000)
  region size 1024K, 6 young (6144K), 6 survivors (6144K)
 Metaspace       used 76560K, committed 77120K, reserved 1179648K
  class space    used 10506K, committed 10752K, reserved 1048576K
}
Event: 23.425 GC heap before
{Heap before GC invocations=33 (full 0):
 garbage-first heap   total 174080K, used 138218K [0x0000000080000000, 0x0000000100000000)
  region size 1024K, 63 young (64512K), 6 survivors (6144K)
 Metaspace       used 77292K, committed 77952K, reserved 1179648K
  class space    used 10585K, committed 10880K, reserved 1048576K
}
Event: 23.445 GC heap after
{Heap after GC invocations=34 (full 0):
 garbage-first heap   total 174080K, used 88630K [0x0000000080000000, 0x0000000100000000)
  region size 1024K, 8 young (8192K), 8 survivors (8192K)
 Metaspace       used 77292K, committed 77952K, reserved 1179648K
  class space    used 10585K, committed 10880K, reserved 1048576K
}
Event: 24.728 GC heap before
{Heap before GC invocations=34 (full 0):
 garbage-first heap   total 174080K, used 137782K [0x0000000080000000, 0x0000000100000000)
  region size 1024K, 57 young (58368K), 8 survivors (8192K)
 Metaspace       used 81007K, committed 81728K, reserved 1179648K
  class space    used 11072K, committed 11392K, reserved 1048576K
}
Event: 24.744 GC heap after
{Heap after GC invocations=35 (full 0):
 garbage-first heap   total 174080K, used 95847K [0x0000000080000000, 0x0000000100000000)
  region size 1024K, 7 young (7168K), 7 survivors (7168K)
 Metaspace       used 81007K, committed 81728K, reserved 1179648K
  class space    used 11072K, committed 11392K, reserved 1048576K
}
Event: 25.756 GC heap before
{Heap before GC invocations=36 (full 0):
 garbage-first heap   total 174080K, used 139879K [0x0000000080000000, 0x0000000100000000)
  region size 1024K, 51 young (52224K), 7 survivors (7168K)
 Metaspace       used 81394K, committed 82048K, reserved 1179648K
  class space    used 11079K, committed 11392K, reserved 1048576K
}
Event: 25.768 GC heap after
{Heap after GC invocations=37 (full 0):
 garbage-first heap   total 174080K, used 99967K [0x0000000080000000, 0x0000000100000000)
  region size 1024K, 4 young (4096K), 4 survivors (4096K)
 Metaspace       used 81394K, committed 82048K, reserved 1179648K
  class space    used 11079K, committed 11392K, reserved 1048576K
}
Event: 25.854 GC heap before
{Heap before GC invocations=37 (full 0):
 garbage-first heap   total 174080K, used 103039K [0x0000000080000000, 0x0000000100000000)
  region size 1024K, 8 young (8192K), 4 survivors (4096K)
 Metaspace       used 81473K, committed 82176K, reserved 1179648K
  class space    used 11092K, committed 11456K, reserved 1048576K
}
Event: 25.859 GC heap after
{Heap after GC invocations=38 (full 0):
 garbage-first heap   total 174080K, used 99379K [0x0000000080000000, 0x0000000100000000)
  region size 1024K, 1 young (1024K), 1 survivors (1024K)
 Metaspace       used 81473K, committed 82176K, reserved 1179648K
  class space    used 11092K, committed 11456K, reserved 1048576K
}
Event: 27.282 GC heap before
{Heap before GC invocations=38 (full 0):
 garbage-first heap   total 174080K, used 142387K [0x0000000080000000, 0x0000000100000000)
  region size 1024K, 44 young (45056K), 1 survivors (1024K)
 Metaspace       used 84278K, committed 84928K, reserved 1179648K
  class space    used 11409K, committed 11712K, reserved 1048576K
}

